<?xml version="1.0" encoding="utf-8" standalone="no"?>
<!--This file represents the results of running a test suite-->
<test-results name="C:\Users\Burton\Documents\Visual Studio 2013\Projects\TestNUnit\TestNUnit\bin\Debug\TestNUnit.dll" total="1" errors="1" failures="0" not-run="0" inconclusive="0" ignored="0" skipped="0" invalid="0" date="2015-01-08" time="20:54:01">
  <environment nunit-version="2.6.4.14350" clr-version="2.0.50727.5485" os-version="Microsoft Windows NT 6.1.7601 Service Pack 1" platform="Win32NT" cwd="C:\Users\Burton\Desktop\Nunit\bin" machine-name="BURTON-PC" user="Burton" user-domain="Burton-PC" />
  <culture-info current-culture="en-US" current-uiculture="en-US" />
  <test-suite type="Assembly" name="C:\Users\Burton\Documents\Visual Studio 2013\Projects\TestNUnit\TestNUnit\bin\Debug\TestNUnit.dll" executed="False" result="Cancelled">
    <results>
      <test-suite type="Namespace" name="SeleniumTests" executed="False" result="Cancelled">
        <results>
          <test-suite type="TestFixture" name="seleniumTestCase" executed="False" result="Cancelled">
            <results>
              <test-case name="SeleniumTests.seleniumTestCase.TheSeleniumTestCaseTest" executed="False" result="Cancelled">
                <failure>
                  <message><![CDATA[Test cancelled by user]]></message>
                  <stack-trace><![CDATA[at SeleniumTests.seleniumTestCase.TeardownTest() in c:\Users\Burton\Documents\Visual Studio 2013\Projects\TestNUnit\TestNUnit\seleniumTestCase.cs:line 36
]]></stack-trace>
                </failure>
              </test-case>
            </results>
          </test-suite>
        </results>
      </test-suite>
    </results>
  </test-suite>
</test-results>